<?xml version="1.0" encoding="UTF-8"?>
<!-- Generated by org.testng.reporters.JUnitReportReporter -->
<testsuite hostname="DESKTOP-T56KU8U" failures="0" tests="1" name="com.neotech.lesson01.Homework01" time="9.978" errors="0" timestamp="2024-09-01T14:58:53 EDT" skipped="0">
  <testcase classname="com.neotech.lesson01.Homework01" name="negativeLoginTest" time="9.978"/>
  <system-out/>
</testsuite> <!-- com.neotech.lesson01.Homework01 -->
