<?xml version="1.0" encoding="UTF-8"?>
<!-- Generated by org.testng.reporters.JUnitReportReporter -->
<testsuite hostname="DESKTOP-T56KU8U" failures="0" tests="5" name="com.neotech.lesson02.Homework01" time="0.016" errors="0" timestamp="2024-09-03T19:24:59 EDT" skipped="0">
  <testcase classname="com.neotech.lesson02.Homework01" name="firstMethod1" time="0.011"/>
  <system-out/>
  <testcase classname="com.neotech.lesson02.Homework01" name="fourthMethod" time="0.001"/>
  <system-out/>
  <testcase classname="com.neotech.lesson02.Homework01" name="thirdMethod" time="0.002"/>
  <system-out/>
  <testcase classname="com.neotech.lesson02.Homework01" name="secondMethod" time="0.001"/>
  <system-out/>
  <testcase classname="com.neotech.lesson02.Homework01" name="firstMethod" time="0.001"/>
  <system-out/>
</testsuite> <!-- com.neotech.lesson02.Homework01 -->
