<?xml version="1.0" encoding="UTF-8"?>
<!-- Generated by org.testng.reporters.JUnitReportReporter -->
<testsuite hostname="DESKTOP-T56KU8U" failures="0" tests="1" name="com.neotech.lesson03.AddEmployeeWithDataProvider" time="0.007" errors="0" timestamp="2024-09-03T22:01:34 EDT" skipped="0">
  <testcase classname="com.neotech.lesson03.AddEmployeeWithDataProvider" name="adEmployee" time="0.007"/>
  <system-out/>
</testsuite> <!-- com.neotech.lesson03.AddEmployeeWithDataProvider -->
